<?xml version="1.0" encoding="UTF-8"?>
<coverage generated="1727801598982" clover="3.2.0">
  <project timestamp="1727801598982" name="All files">
    <metrics statements="3" coveredstatements="3" conditionals="0" coveredconditionals="0" methods="1" coveredmethods="1" elements="4" coveredelements="4" complexity="0" loc="3" ncloc="3" packages="2" files="3" classes="3"/>
    <package name="cypress.support">
      <metrics statements="1" coveredstatements="1" conditionals="0" coveredconditionals="0" methods="0" coveredmethods="0"/>
      <file name="commands.js" path="/Volumes/Data/Projects/UzhNU/course_3_ipz_2024/cypress/support/commands.js">
        <metrics statements="0" coveredstatements="0" conditionals="0" coveredconditionals="0" methods="0" coveredmethods="0"/>
      </file>
      <file name="component.js" path="/Volumes/Data/Projects/UzhNU/course_3_ipz_2024/cypress/support/component.js">
        <metrics statements="1" coveredstatements="1" conditionals="0" coveredconditionals="0" methods="0" coveredmethods="0"/>
        <line num="24" count="2" type="stmt"/>
      </file>
    </package>
    <package name="src.components.test.first">
      <metrics statements="2" coveredstatements="2" conditionals="0" coveredconditionals="0" methods="1" coveredmethods="1"/>
      <file name="First.jsx" path="/Volumes/Data/Projects/UzhNU/course_3_ipz_2024/src/components/test/first/First.jsx">
        <metrics statements="2" coveredstatements="2" conditionals="0" coveredconditionals="0" methods="1" coveredmethods="1"/>
        <line num="3" count="2" type="stmt"/>
        <line num="4" count="2" type="stmt"/>
      </file>
    </package>
  </project>
</coverage>
