{"/Volumes/Data/Projects/UzhNU/course_3_ipz_2024/cypress/support/commands.js": {"path":"/Volumes/Data/Projects/UzhNU/course_3_ipz_2024/cypress/support/commands.js","statementMap":{},"fnMap":{},"branchMap":{},"s":{},"f":{},"b":{},"_coverageSchema":"1a1c01bbd47fc00a2c39e90264f33305004495a9","hash":"119936f13fcb2c2aa203938e34a545fe1b768fa8"}
,"/Volumes/Data/Projects/UzhNU/course_3_ipz_2024/cypress/support/component.js": {"path":"/Volumes/Data/Projects/UzhNU/course_3_ipz_2024/cypress/support/component.js","statementMap":{"0":{"start":{"line":24,"column":0},"end":{"line":24,"column":37}}},"fnMap":{},"branchMap":{},"s":{"0":2},"f":{},"b":{},"_coverageSchema":"1a1c01bbd47fc00a2c39e90264f33305004495a9","hash":"d7bab628cac929b6b0380ac8267e88b5b9b3988d"}
,"/Volumes/Data/Projects/UzhNU/course_3_ipz_2024/src/components/test/first/First.jsx": {"path":"/Volumes/Data/Projects/UzhNU/course_3_ipz_2024/src/components/test/first/First.jsx","statementMap":{"0":{"start":{"line":3,"column":14},"end":{"line":5,"column":1}},"1":{"start":{"line":4,"column":4},"end":{"line":4,"column":59}}},"fnMap":{"0":{"name":"(anonymous_0)","decl":{"start":{"line":3,"column":14},"end":{"line":3,"column":15}},"loc":{"start":{"line":3,"column":20},"end":{"line":5,"column":1}},"line":3}},"branchMap":{},"s":{"0":2,"1":2},"f":{"0":2},"b":{},"_coverageSchema":"1a1c01bbd47fc00a2c39e90264f33305004495a9","hash":"f38a100bf31c155309a44c9ef5ad5b1a5eda1196"}
}
